[17:16:29] [main/INFO]: Setting user: Player640
[17:16:30] [Client thread/INFO]: LWJGL Version: 2.9.1
[17:16:36] [Client thread/INFO]: Reloading ResourceManager: Default, FMLFileResourcePack:Forge Mod Loader, FMLFileResourcePack:Minecraft Forge, FMLFileResourcePack:Mr. Creative's Mod
[17:16:37] [Sound Library Loader/INFO]: Sound engine started
[17:16:40] [Client thread/INFO]: Created: 512x256 textures/blocks-atlas
[17:16:40] [Client thread/INFO]: Created: 256x256 textures/items-atlas
[17:16:41] [Client thread/INFO]: Reloading ResourceManager: Default, FMLFileResourcePack:Forge Mod Loader, FMLFileResourcePack:Minecraft Forge, FMLFileResourcePack:Mr. Creative's Mod
[17:16:41] [Client thread/INFO]: Created: 256x256 textures/items-atlas
[17:16:41] [Client thread/INFO]: Created: 512x256 textures/blocks-atlas
[17:16:42] [Sound Library Loader/INFO]: Sound engine started
[17:16:52] [Server thread/INFO]: Starting integrated minecraft server version 1.7.10
[17:16:52] [Server thread/INFO]: Generating keypair
[17:16:53] [Server thread/INFO]: Preparing start region for level 0
[17:16:53] [Server thread/INFO]: Changing view distance to 6, from 10
[17:16:54] [Server thread/INFO]: Player640[local:E:b2b73466] logged in with entity id 167 at (936.4336032564867, 9.153836635234532, 38.066462288234874)
[17:16:54] [Server thread/INFO]: Player640 logget på
[17:18:41] [Server thread/INFO]: Saving and pausing game...
[17:18:41] [Server thread/INFO]: Saving chunks for level 'New World'/Overworld
[17:18:41] [Server thread/INFO]: Saving chunks for level 'New World'/Nether
[17:18:41] [Server thread/INFO]: Saving chunks for level 'New World'/The End
[17:18:42] [Server thread/INFO]: Stopping server
[17:18:42] [Server thread/INFO]: Saving players
[17:18:42] [Server thread/INFO]: Saving worlds
[17:18:42] [Server thread/INFO]: Saving chunks for level 'New World'/Overworld
[17:18:42] [Server thread/INFO]: Saving chunks for level 'New World'/Nether
[17:18:42] [Server thread/INFO]: Saving chunks for level 'New World'/The End
[17:18:49] [Client thread/INFO]: Reloading ResourceManager: Default, FMLFileResourcePack:Forge Mod Loader, FMLFileResourcePack:Minecraft Forge, FMLFileResourcePack:Mr. Creative's Mod
[17:18:50] [Client thread/INFO]: Created: 512x256 textures/blocks-atlas
[17:18:50] [Client thread/INFO]: Created: 256x256 textures/items-atlas
[17:18:51] [Sound Library Loader/INFO]: Sound engine started
[17:19:00] [Client thread/INFO]: Stopping!
